<?xml version="1.0" encoding="UTF-8"?>
<testsuite xmlns:xsi="http://www.w3.org/2001/XMLSchema-instance" xsi:noNamespaceSchemaLocation="https://maven.apache.org/surefire/maven-surefire-plugin/xsd/surefire-test-report.xsd" name="com.curso.chatclient.ConnectionTest" time="0.062" tests="2" errors="0" skipped="0" failures="0">
  <properties>
[...]
</properties>
  <testcase name="testCloseConnection" classname="com.curso.chatclient.ConnectionTest" time="0.046"/>
  <testcase name="testStartConnection" classname="com.curso.chatclient.ConnectionTest" time="0.014"/>
</testsuite>